# JRE version: OpenJDK Runtime Environment (11.0.12+7) (build 11.0.12+7-b1504.28-7817840)
# Java VM: OpenJDK 64-Bit Server VM (11.0.12+7-b1504.28-7817840, mixed mode, tiered, compressed oops, g1 gc, windows-amd64)
Heap:
 garbage-first heap   total 236544K, used 167885K [0x00000000a0000000, 0x0000000100000000)
  region size 1024K, 81 young (82944K), 5 survivors (5120K)
 Metaspace       used 105836K, capacity 108255K, committed 108440K, reserved 1142784K
  class space    used 13508K, capacity 14420K, committed 14540K, reserved 1048576K
GC Heap History (20 events):
Event: 13.015 GC heap before
{Heap before GC invocations=9 (full 0):
 garbage-first heap   total 196608K, used 136415K [0x00000000a0000000, 0x0000000100000000)
  region size 1024K, 115 young (117760K), 7 survivors (7168K)
 Metaspace       used 44503K, capacity 45491K, committed 45772K, reserved 1089536K
  class space    used 5699K, capacity 6095K, committed 6144K, reserved 1048576K
}
Event: 13.046 GC heap after
{Heap after GC invocations=10 (full 0):
 garbage-first heap   total 196608K, used 29738K [0x00000000a0000000, 0x0000000100000000)
  region size 1024K, 13 young (13312K), 13 survivors (13312K)
 Metaspace       used 44503K, capacity 45491K, committed 45772K, reserved 1089536K
  class space    used 5699K, capacity 6095K, committed 6144K, reserved 1048576K
}
Event: 16.097 GC heap before
{Heap before GC invocations=10 (full 0):
 garbage-first heap   total 196608K, used 141354K [0x00000000a0000000, 0x0000000100000000)
  region size 1024K, 115 young (117760K), 13 survivors (13312K)
 Metaspace       used 50561K, capacity 51883K, committed 52044K, reserved 1093632K
  class space    used 6466K, capacity 6948K, committed 7040K, reserved 1048576K
}
Event: 16.137 GC heap after
{Heap after GC invocations=11 (full 0):
 garbage-first heap   total 196608K, used 48158K [0x00000000a0000000, 0x0000000100000000)
  region size 1024K, 15 young (15360K), 15 survivors (15360K)
 Metaspace       used 50561K, capacity 51883K, committed 52044K, reserved 1093632K
  class space    used 6466K, capacity 6948K, committed 7040K, reserved 1048576K
}
Event: 17.796 GC heap before
{Heap before GC invocations=11 (full 0):
 garbage-first heap   total 196608K, used 104478K [0x00000000a0000000, 0x0000000100000000)
  region size 1024K, 71 young (72704K), 15 survivors (15360K)
 Metaspace       used 58850K, capacity 60231K, committed 60288K, reserved 1101824K
  class space    used 7493K, capacity 8043K, committed 8064K, reserved 1048576K
}
Event: 17.849 GC heap after
{Heap after GC invocations=12 (full 0):
 garbage-first heap   total 196608K, used 51345K [0x00000000a0000000, 0x0000000100000000)
  region size 1024K, 3 young (3072K), 3 survivors (3072K)
 Metaspace       used 58850K, capacity 60231K, committed 60288K, reserved 1101824K
  class space    used 7493K, capacity 8043K, committed 8064K, reserved 1048576K
}
Event: 20.316 GC heap before
{Heap before GC invocations=13 (full 0):
 garbage-first heap   total 196608K, used 130193K [0x00000000a0000000, 0x0000000100000000)
  region size 1024K, 80 young (81920K), 3 survivors (3072K)
 Metaspace       used 66160K, capacity 67665K, committed 67864K, reserved 1107968K
  class space    used 8410K, capacity 9013K, committed 9036K, reserved 1048576K
}
Event: 20.338 GC heap after
{Heap after GC invocations=14 (full 0):
 garbage-first heap   total 236544K, used 56584K [0x00000000a0000000, 0x0000000100000000)
  region size 1024K, 8 young (8192K), 8 survivors (8192K)
 Metaspace       used 66160K, capacity 67665K, committed 67864K, reserved 1107968K
  class space    used 8410K, capacity 9013K, committed 9036K, reserved 1048576K
}
Event: 23.130 GC heap before
{Heap before GC invocations=15 (full 0):
 garbage-first heap   total 236544K, used 152840K [0x00000000a0000000, 0x0000000100000000)
  region size 1024K, 102 young (104448K), 8 survivors (8192K)
 Metaspace       used 73205K, capacity 74731K, committed 74904K, reserved 1114112K
  class space    used 9497K, capacity 10102K, committed 10188K, reserved 1048576K
}
Event: 23.163 GC heap after
{Heap after GC invocations=16 (full 0):
 garbage-first heap   total 236544K, used 63459K [0x00000000a0000000, 0x0000000100000000)
  region size 1024K, 13 young (13312K), 13 survivors (13312K)
 Metaspace       used 73205K, capacity 74731K, committed 74904K, reserved 1114112K
  class space    used 9497K, capacity 10102K, committed 10188K, reserved 1048576K
}
Event: 26.242 GC heap before
{Heap before GC invocations=16 (full 0):
 garbage-first heap   total 236544K, used 160739K [0x00000000a0000000, 0x0000000100000000)
  region size 1024K, 108 young (110592K), 13 survivors (13312K)
 Metaspace       used 82451K, capacity 84193K, committed 84376K, reserved 1122304K
  class space    used 10746K, capacity 11406K, committed 11468K, reserved 1048576K
}
Event: 26.306 GC heap after
{Heap after GC invocations=17 (full 0):
 garbage-first heap   total 236544K, used 70343K [0x00000000a0000000, 0x0000000100000000)
  region size 1024K, 14 young (14336K), 14 survivors (14336K)
 Metaspace       used 82451K, capacity 84193K, committed 84376K, reserved 1122304K
  class space    used 10746K, capacity 11406K, committed 11468K, reserved 1048576K
}
Event: 29.986 GC heap before
{Heap before GC invocations=17 (full 0):
 garbage-first heap   total 236544K, used 166599K [0x00000000a0000000, 0x0000000100000000)
  region size 1024K, 109 young (111616K), 14 survivors (14336K)
 Metaspace       used 86826K, capacity 88975K, committed 89240K, reserved 1126400K
  class space    used 11283K, capacity 12098K, committed 12236K, reserved 1048576K
}
Event: 30.037 GC heap after
{Heap after GC invocations=18 (full 0):
 garbage-first heap   total 236544K, used 77715K [0x00000000a0000000, 0x0000000100000000)
  region size 1024K, 14 young (14336K), 14 survivors (14336K)
 Metaspace       used 86826K, capacity 88975K, committed 89240K, reserved 1126400K
  class space    used 11283K, capacity 12098K, committed 12236K, reserved 1048576K
}
Event: 33.718 GC heap before
{Heap before GC invocations=18 (full 0):
 garbage-first heap   total 236544K, used 191379K [0x00000000a0000000, 0x0000000100000000)
  region size 1024K, 109 young (111616K), 14 survivors (14336K)
 Metaspace       used 94407K, capacity 96532K, committed 96664K, reserved 1132544K
  class space    used 12114K, capacity 12913K, committed 13004K, reserved 1048576K
}
Event: 33.758 GC heap after
{Heap after GC invocations=19 (full 0):
 garbage-first heap   total 236544K, used 80171K [0x00000000a0000000, 0x0000000100000000)
  region size 1024K, 10 young (10240K), 10 survivors (10240K)
 Metaspace       used 94407K, capacity 96532K, committed 96664K, reserved 1132544K
  class space    used 12114K, capacity 12913K, committed 13004K, reserved 1048576K
}
Event: 35.715 GC heap before
{Heap before GC invocations=19 (full 0):
 garbage-first heap   total 236544K, used 178475K [0x00000000a0000000, 0x0000000100000000)
  region size 1024K, 107 young (109568K), 10 survivors (10240K)
 Metaspace       used 97315K, capacity 99490K, committed 99608K, reserved 1136640K
  class space    used 12450K, capacity 13293K, committed 13388K, reserved 1048576K
}
Event: 35.757 GC heap after
{Heap after GC invocations=20 (full 0):
 garbage-first heap   total 236544K, used 87632K [0x00000000a0000000, 0x0000000100000000)
  region size 1024K, 10 young (10240K), 10 survivors (10240K)
 Metaspace       used 97315K, capacity 99490K, committed 99608K, reserved 1136640K
  class space    used 12450K, capacity 13293K, committed 13388K, reserved 1048576K
}
Event: 39.559 GC heap before
{Heap before GC invocations=20 (full 0):
 garbage-first heap   total 236544K, used 182864K [0x00000000a0000000, 0x0000000100000000)
  region size 1024K, 104 young (106496K), 10 survivors (10240K)
 Metaspace       used 100607K, capacity 102793K, committed 103064K, reserved 1138688K
  class space    used 12815K, capacity 13667K, committed 13772K, reserved 1048576K
}
Event: 39.582 GC heap after
{Heap after GC invocations=21 (full 0):
 garbage-first heap   total 236544K, used 92109K [0x00000000a0000000, 0x0000000100000000)
  region size 1024K, 5 young (5120K), 5 survivors (5120K)
 Metaspace       used 100607K, capacity 102793K, committed 103064K, reserved 1138688K
  class space    used 12815K, capacity 13667K, committed 13772K, reserved 1048576K
}

