# JRE version: OpenJDK Runtime Environment (11.0.12+7) (build 11.0.12+7-b1504.28-7817840)
# Java VM: OpenJDK 64-Bit Server VM (11.0.12+7-b1504.28-7817840, mixed mode, tiered, compressed oops, g1 gc, windows-amd64)
Heap:
 garbage-first heap   total 236544K, used 140379K [0x00000000a0000000, 0x0000000100000000)
  region size 1024K, 37 young (37888K), 11 survivors (11264K)
 Metaspace       used 107594K, capacity 110193K, committed 110412K, reserved 1144832K
  class space    used 13657K, capacity 14623K, committed 14720K, reserved 1048576K
GC Heap History (20 events):
Event: 16.103 GC heap before
{Heap before GC invocations=12 (full 0):
 garbage-first heap   total 196608K, used 55081K [0x00000000a0000000, 0x0000000100000000)
  region size 1024K, 19 young (19456K), 14 survivors (14336K)
 Metaspace       used 58793K, capacity 60150K, committed 60236K, reserved 1101824K
  class space    used 7479K, capacity 8034K, committed 8064K, reserved 1048576K
}
Event: 16.139 GC heap after
{Heap after GC invocations=13 (full 0):
 garbage-first heap   total 236544K, used 52973K [0x00000000a0000000, 0x0000000100000000)
  region size 1024K, 2 young (2048K), 2 survivors (2048K)
 Metaspace       used 58793K, capacity 60150K, committed 60236K, reserved 1101824K
  class space    used 7479K, capacity 8034K, committed 8064K, reserved 1048576K
}
Event: 19.144 GC heap before
{Heap before GC invocations=14 (full 0):
 garbage-first heap   total 236544K, used 145133K [0x00000000a0000000, 0x0000000100000000)
  region size 1024K, 91 young (93184K), 2 survivors (2048K)
 Metaspace       used 67598K, capacity 69172K, committed 69324K, reserved 1110016K
  class space    used 8579K, capacity 9148K, committed 9216K, reserved 1048576K
}
Event: 19.165 GC heap after
{Heap after GC invocations=15 (full 0):
 garbage-first heap   total 236544K, used 57700K [0x00000000a0000000, 0x0000000100000000)
  region size 1024K, 7 young (7168K), 7 survivors (7168K)
 Metaspace       used 67598K, capacity 69172K, committed 69324K, reserved 1110016K
  class space    used 8579K, capacity 9148K, committed 9216K, reserved 1048576K
}
Event: 21.691 GC heap before
{Heap before GC invocations=16 (full 0):
 garbage-first heap   total 236544K, used 153956K [0x00000000a0000000, 0x0000000100000000)
  region size 1024K, 101 young (103424K), 7 survivors (7168K)
 Metaspace       used 74196K, capacity 75720K, committed 75980K, reserved 1116160K
  class space    used 9621K, capacity 10235K, committed 10240K, reserved 1048576K
}
Event: 21.722 GC heap after
{Heap after GC invocations=17 (full 0):
 garbage-first heap   total 236544K, used 64354K [0x00000000a0000000, 0x0000000100000000)
  region size 1024K, 13 young (13312K), 13 survivors (13312K)
 Metaspace       used 74196K, capacity 75720K, committed 75980K, reserved 1116160K
  class space    used 9621K, capacity 10235K, committed 10240K, reserved 1048576K
}
Event: 24.518 GC heap before
{Heap before GC invocations=17 (full 0):
 garbage-first heap   total 236544K, used 161634K [0x00000000a0000000, 0x0000000100000000)
  region size 1024K, 108 young (110592K), 13 survivors (13312K)
 Metaspace       used 83225K, capacity 85030K, committed 85324K, reserved 1122304K
  class space    used 10868K, capacity 11574K, committed 11648K, reserved 1048576K
}
Event: 24.548 GC heap after
{Heap after GC invocations=18 (full 0):
 garbage-first heap   total 236544K, used 71738K [0x00000000a0000000, 0x0000000100000000)
  region size 1024K, 14 young (14336K), 14 survivors (14336K)
 Metaspace       used 83225K, capacity 85030K, committed 85324K, reserved 1122304K
  class space    used 10868K, capacity 11574K, committed 11648K, reserved 1048576K
}
Event: 27.224 GC heap before
{Heap before GC invocations=18 (full 0):
 garbage-first heap   total 236544K, used 170042K [0x00000000a0000000, 0x0000000100000000)
  region size 1024K, 109 young (111616K), 14 survivors (14336K)
 Metaspace       used 87537K, capacity 89600K, committed 89804K, reserved 1126400K
  class space    used 11372K, capacity 12185K, committed 12288K, reserved 1048576K
}
Event: 27.279 GC heap after
{Heap after GC invocations=19 (full 0):
 garbage-first heap   total 236544K, used 83181K [0x00000000a0000000, 0x0000000100000000)
  region size 1024K, 14 young (14336K), 14 survivors (14336K)
 Metaspace       used 87537K, capacity 89600K, committed 89804K, reserved 1126400K
  class space    used 11372K, capacity 12185K, committed 12288K, reserved 1048576K
}
Event: 30.152 GC heap before
{Heap before GC invocations=19 (full 0):
 garbage-first heap   total 236544K, used 186605K [0x00000000a0000000, 0x0000000100000000)
  region size 1024K, 101 young (103424K), 14 survivors (14336K)
 Metaspace       used 94357K, capacity 96474K, committed 96588K, reserved 1132544K
  class space    used 12111K, capacity 12917K, committed 12928K, reserved 1048576K
}
Event: 30.205 GC heap after
{Heap after GC invocations=20 (full 0):
 garbage-first heap   total 236544K, used 92160K [0x00000000a0000000, 0x0000000100000000)
  region size 1024K, 9 young (9216K), 9 survivors (9216K)
 Metaspace       used 94357K, capacity 96474K, committed 96588K, reserved 1132544K
  class space    used 12111K, capacity 12917K, committed 12928K, reserved 1048576K
}
Event: 32.020 GC heap before
{Heap before GC invocations=20 (full 0):
 garbage-first heap   total 236544K, used 177152K [0x00000000a0000000, 0x0000000100000000)
  region size 1024K, 93 young (95232K), 9 survivors (9216K)
 Metaspace       used 96829K, capacity 98988K, committed 99276K, reserved 1134592K
  class space    used 12386K, capacity 13233K, committed 13312K, reserved 1048576K
}
Event: 32.063 GC heap after
{Heap after GC invocations=21 (full 0):
 garbage-first heap   total 236544K, used 100826K [0x00000000a0000000, 0x0000000100000000)
  region size 1024K, 8 young (8192K), 8 survivors (8192K)
 Metaspace       used 96829K, capacity 98988K, committed 99276K, reserved 1134592K
  class space    used 12386K, capacity 13233K, committed 13312K, reserved 1048576K
}
Event: 35.790 GC heap before
{Heap before GC invocations=21 (full 0):
 garbage-first heap   total 236544K, used 181722K [0x00000000a0000000, 0x0000000100000000)
  region size 1024K, 88 young (90112K), 8 survivors (8192K)
 Metaspace       used 100252K, capacity 102444K, committed 102732K, reserved 1138688K
  class space    used 12795K, capacity 13639K, committed 13696K, reserved 1048576K
}
Event: 35.810 GC heap after
{Heap after GC invocations=22 (full 0):
 garbage-first heap   total 236544K, used 105664K [0x00000000a0000000, 0x0000000100000000)
  region size 1024K, 6 young (6144K), 6 survivors (6144K)
 Metaspace       used 100252K, capacity 102444K, committed 102732K, reserved 1138688K
  class space    used 12795K, capacity 13639K, committed 13696K, reserved 1048576K
}
Event: 37.489 GC heap before
{Heap before GC invocations=22 (full 0):
 garbage-first heap   total 236544K, used 184512K [0x00000000a0000000, 0x0000000100000000)
  region size 1024K, 84 young (86016K), 6 survivors (6144K)
 Metaspace       used 103696K, capacity 105990K, committed 106188K, reserved 1140736K
  class space    used 13185K, capacity 14045K, committed 14080K, reserved 1048576K
}
Event: 37.521 GC heap after
{Heap after GC invocations=23 (full 0):
 garbage-first heap   total 236544K, used 109015K [0x00000000a0000000, 0x0000000100000000)
  region size 1024K, 9 young (9216K), 9 survivors (9216K)
 Metaspace       used 103696K, capacity 105990K, committed 106188K, reserved 1140736K
  class space    used 13185K, capacity 14045K, committed 14080K, reserved 1048576K
}
Event: 101.545 GC heap before
{Heap before GC invocations=23 (full 0):
 garbage-first heap   total 236544K, used 187863K [0x00000000a0000000, 0x0000000100000000)
  region size 1024K, 87 young (89088K), 9 survivors (9216K)
 Metaspace       used 106682K, capacity 109152K, committed 109388K, reserved 1144832K
  class space    used 13521K, capacity 14426K, committed 14464K, reserved 1048576K
}
Event: 101.604 GC heap after
{Heap after GC invocations=24 (full 0):
 garbage-first heap   total 236544K, used 115803K [0x00000000a0000000, 0x0000000100000000)
  region size 1024K, 11 young (11264K), 11 survivors (11264K)
 Metaspace       used 106682K, capacity 109152K, committed 109388K, reserved 1144832K
  class space    used 13521K, capacity 14426K, committed 14464K, reserved 1048576K
}

